<?xml version="1.0" encoding="UTF-8"?>
<robot generator="Rebot 3.1.2 (Python 3.7.3 on darwin)" generated="20200316 19:22:55.745" rpa="false">
<suite id="s1" name="Suites">
<suite id="s1-s1" name="Suite1 App" source="/Users/nithyamani/eclipse-workspace/bs-robot-framework/app/test/parallel/Suite1_App.robot">
<test id="s1-s1-t1" name="Appium Test on BrowserStack">
<kw name="Run Process" library="Process">
<doc>Runs a process and waits for it to complete.</doc>
<arguments>
<arg>curl -u "${USERNAME}:${ACCESS_KEY}" -X POST "https://api-cloud.browserstack.com/app-automate/upload" -F "file\=@${APP_PATH}"</arg>
<arg>shell=true</arg>
<arg>alias=AppUpload</arg>
</arguments>
<assign>
<var>${AppUrl}</var>
</assign>
<msg timestamp="20200316 19:21:44.599" level="INFO">Starting process:
curl -u "nithyamani3:P4JKysg5WuchQxBfKQu1" -X POST "https://api-cloud.browserstack.com/app-automate/upload" -F "file=@/Users/nithyamani/Desktop/APPS/WikipediaSample.apk"</msg>
<msg timestamp="20200316 19:21:44.603" level="INFO">Waiting for process to complete.</msg>
<msg timestamp="20200316 19:22:20.149" level="INFO">Process completed.</msg>
<msg timestamp="20200316 19:22:20.150" level="INFO">${AppUrl} = &lt;result object with rc 0&gt;</msg>
<status status="PASS" starttime="20200316 19:21:44.598" endtime="20200316 19:22:20.150"></status>
</kw>
<kw name="Evaluate" library="BuiltIn">
<doc>Evaluates the given expression in Python and returns the results.</doc>
<arguments>
<arg>json.loads("""${AppUrl.stdout}""")</arg>
<arg>json</arg>
</arguments>
<assign>
<var>${AppData}</var>
</assign>
<msg timestamp="20200316 19:22:20.152" level="INFO">${AppData} = {u'app_url': u'bs://ae210c1d04aa89db927c408f6d7da115303fba0d'}</msg>
<status status="PASS" starttime="20200316 19:22:20.151" endtime="20200316 19:22:20.152"></status>
</kw>
<kw name="Log" library="BuiltIn">
<doc>Logs the given message with the given level.</doc>
<arguments>
<arg>${AppUrl.stdout}</arg>
</arguments>
<msg timestamp="20200316 19:22:20.153" level="INFO">{"app_url":"bs://ae210c1d04aa89db927c408f6d7da115303fba0d"}</msg>
<status status="PASS" starttime="20200316 19:22:20.152" endtime="20200316 19:22:20.153"></status>
</kw>
<kw name="Set Variable" library="BuiltIn">
<doc>Returns the given values which can then be assigned to a variables.</doc>
<arguments>
<arg>${AppData['app_url']}</arg>
</arguments>
<assign>
<var>${hash_id}</var>
</assign>
<msg timestamp="20200316 19:22:20.153" level="INFO">${hash_id} = bs://ae210c1d04aa89db927c408f6d7da115303fba0d</msg>
<status status="PASS" starttime="20200316 19:22:20.153" endtime="20200316 19:22:20.153"></status>
</kw>
<kw name="Log" library="BuiltIn">
<doc>Logs the given message with the given level.</doc>
<arguments>
<arg>${hash_id}</arg>
</arguments>
<msg timestamp="20200316 19:22:20.154" level="INFO">bs://ae210c1d04aa89db927c408f6d7da115303fba0d</msg>
<status status="PASS" starttime="20200316 19:22:20.154" endtime="20200316 19:22:20.154"></status>
</kw>
<kw name="Open Application" library="AppiumLibrary">
<doc>Opens a new application to given Appium server.
Capabilities of appium server, Android and iOS,
Please check https://github.com/appium/appium/blob/master/docs/en/writing-running-appium/server-args.md
| *Option*            | *Man.* | *Description*     |
| remote_url          | Yes    | Appium server url |
| alias               | no     | alias             |</doc>
<arguments>
<arg>${REMOTE_URL}</arg>
<arg>app=${hash_id}</arg>
<arg>name=parallel_test</arg>
<arg>build=RobotFramework</arg>
<arg>platformName=Android</arg>
<arg>os_version=10.0</arg>
<arg>device=Google Pixel 4</arg>
</arguments>
<status status="PASS" starttime="20200316 19:22:20.154" endtime="20200316 19:22:40.145"></status>
</kw>
<kw name="Click Element" library="AppiumLibrary">
<doc>Click element identified by `locator`.</doc>
<arguments>
<arg>id=org.wikipedia.alpha:id/search_container</arg>
</arguments>
<msg timestamp="20200316 19:22:40.148" level="INFO">Clicking element 'id=org.wikipedia.alpha:id/search_container'.</msg>
<status status="PASS" starttime="20200316 19:22:40.145" endtime="20200316 19:22:42.387"></status>
</kw>
<kw name="Click Element" library="AppiumLibrary">
<doc>Click element identified by `locator`.</doc>
<arguments>
<arg>id=org.wikipedia.alpha:id/search_src_text</arg>
</arguments>
<msg timestamp="20200316 19:22:42.391" level="INFO">Clicking element 'id=org.wikipedia.alpha:id/search_src_text'.</msg>
<status status="PASS" starttime="20200316 19:22:42.388" endtime="20200316 19:22:44.537"></status>
</kw>
<kw name="Input Text" library="AppiumLibrary">
<doc>Types the given `text` into text field identified by `locator`.</doc>
<arguments>
<arg>id=org.wikipedia.alpha:id/search_src_text</arg>
<arg>BrowserStack</arg>
</arguments>
<msg timestamp="20200316 19:22:44.541" level="INFO">Typing text 'BrowserStack' into text field 'id=org.wikipedia.alpha:id/search_src_text'</msg>
<status status="PASS" starttime="20200316 19:22:44.538" endtime="20200316 19:22:46.592"></status>
</kw>
<kw name="Click Element" library="AppiumLibrary">
<doc>Click element identified by `locator`.</doc>
<arguments>
<arg>id=org.wikipedia.alpha:id/search_src_text</arg>
</arguments>
<msg timestamp="20200316 19:22:46.594" level="INFO">Clicking element 'id=org.wikipedia.alpha:id/search_src_text'.</msg>
<status status="PASS" starttime="20200316 19:22:46.592" endtime="20200316 19:22:49.041"></status>
</kw>
<kw name="Click Element" library="AppiumLibrary">
<doc>Click element identified by `locator`.</doc>
<arguments>
<arg>xpath=/hierarchy/android.widget.FrameLayout/android.widget.LinearLayout/android.widget.FrameLayout/android.widget.FrameLayout/android.widget.FrameLayout/android.widget.FrameLayout/android.widget.FrameLayout/android.widget.FrameLayout/android.widget.LinearLayout[2]/android.view.ViewGroup/android.support.v4.view.ViewPager/android.view.ViewGroup/android.widget.FrameLayout/android.support.v7.widget.RecyclerView/android.widget.FrameLayout[1]/android.widget.LinearLayout</arg>
</arguments>
<msg timestamp="20200316 19:22:49.043" level="INFO">Clicking element 'xpath=/hierarchy/android.widget.FrameLayout/android.widget.LinearLayout/android.widget.FrameLayout/android.widget.FrameLayout/android.widget.FrameLayout/android.widget.FrameLayout/android.widget.FrameLayout/android.widget.FrameLayout/android.widget.LinearLayout[2]/android.view.ViewGroup/android.support.v4.view.ViewPager/android.view.ViewGroup/android.widget.FrameLayout/android.support.v7.widget.RecyclerView/android.widget.FrameLayout[1]/android.widget.LinearLayout'.</msg>
<status status="PASS" starttime="20200316 19:22:49.041" endtime="20200316 19:22:52.707"></status>
</kw>
<kw name="Close Application" library="AppiumLibrary">
<doc>Closes the current application and also close webdriver session.</doc>
<status status="PASS" starttime="20200316 19:22:52.707" endtime="20200316 19:22:53.542"></status>
</kw>
<status status="PASS" starttime="20200316 19:21:44.598" endtime="20200316 19:22:53.543" critical="yes"></status>
</test>
<status status="PASS" starttime="20200316 19:21:44.298" endtime="20200316 19:22:53.545"></status>
</suite>
<suite id="s1-s2" name="Suite2 App" source="/Users/nithyamani/eclipse-workspace/bs-robot-framework/app/test/parallel/Suite2_App.robot">
<test id="s1-s2-t1" name="Appium Test on BrowserStack">
<kw name="Run Process" library="Process">
<doc>Runs a process and waits for it to complete.</doc>
<arguments>
<arg>curl -u "${USERNAME}:${ACCESS_KEY}" -X POST "https://api-cloud.browserstack.com/app-automate/upload" -F "file\=@${APP_PATH}"</arg>
<arg>shell=true</arg>
<arg>alias=AppUpload</arg>
</arguments>
<assign>
<var>${AppUrl}</var>
</assign>
<msg timestamp="20200316 19:21:44.599" level="INFO">Starting process:
curl -u "nithyamani3:P4JKysg5WuchQxBfKQu1" -X POST "https://api-cloud.browserstack.com/app-automate/upload" -F "file=@/Users/nithyamani/Desktop/APPS/WikipediaSample.apk"</msg>
<msg timestamp="20200316 19:21:44.603" level="INFO">Waiting for process to complete.</msg>
<msg timestamp="20200316 19:22:17.132" level="INFO">Process completed.</msg>
<msg timestamp="20200316 19:22:17.132" level="INFO">${AppUrl} = &lt;result object with rc 0&gt;</msg>
<status status="PASS" starttime="20200316 19:21:44.598" endtime="20200316 19:22:17.132"></status>
</kw>
<kw name="Evaluate" library="BuiltIn">
<doc>Evaluates the given expression in Python and returns the results.</doc>
<arguments>
<arg>json.loads("""${AppUrl.stdout}""")</arg>
<arg>json</arg>
</arguments>
<assign>
<var>${AppData}</var>
</assign>
<msg timestamp="20200316 19:22:17.134" level="INFO">${AppData} = {u'app_url': u'bs://ae210c1d04aa89db927c408f6d7da115303fba0d'}</msg>
<status status="PASS" starttime="20200316 19:22:17.133" endtime="20200316 19:22:17.134"></status>
</kw>
<kw name="Log" library="BuiltIn">
<doc>Logs the given message with the given level.</doc>
<arguments>
<arg>${AppUrl.stdout}</arg>
</arguments>
<msg timestamp="20200316 19:22:17.135" level="INFO">{"app_url":"bs://ae210c1d04aa89db927c408f6d7da115303fba0d"}</msg>
<status status="PASS" starttime="20200316 19:22:17.134" endtime="20200316 19:22:17.135"></status>
</kw>
<kw name="Set Variable" library="BuiltIn">
<doc>Returns the given values which can then be assigned to a variables.</doc>
<arguments>
<arg>${AppData['app_url']}</arg>
</arguments>
<assign>
<var>${hash_id}</var>
</assign>
<msg timestamp="20200316 19:22:17.136" level="INFO">${hash_id} = bs://ae210c1d04aa89db927c408f6d7da115303fba0d</msg>
<status status="PASS" starttime="20200316 19:22:17.135" endtime="20200316 19:22:17.136"></status>
</kw>
<kw name="Log" library="BuiltIn">
<doc>Logs the given message with the given level.</doc>
<arguments>
<arg>${hash_id}</arg>
</arguments>
<msg timestamp="20200316 19:22:17.136" level="INFO">bs://ae210c1d04aa89db927c408f6d7da115303fba0d</msg>
<status status="PASS" starttime="20200316 19:22:17.136" endtime="20200316 19:22:17.137"></status>
</kw>
<kw name="Open Application" library="AppiumLibrary">
<doc>Opens a new application to given Appium server.
Capabilities of appium server, Android and iOS,
Please check https://github.com/appium/appium/blob/master/docs/en/writing-running-appium/server-args.md
| *Option*            | *Man.* | *Description*     |
| remote_url          | Yes    | Appium server url |
| alias               | no     | alias             |</doc>
<arguments>
<arg>${REMOTE_URL}</arg>
<arg>app=${hash_id}</arg>
<arg>name=parallel_test</arg>
<arg>build=RobotFramework</arg>
<arg>platformName=Android</arg>
<arg>os_version=10.0</arg>
<arg>device=Google Pixel 4</arg>
</arguments>
<status status="PASS" starttime="20200316 19:22:17.137" endtime="20200316 19:22:36.422"></status>
</kw>
<kw name="Click Element" library="AppiumLibrary">
<doc>Click element identified by `locator`.</doc>
<arguments>
<arg>id=org.wikipedia.alpha:id/search_container</arg>
</arguments>
<msg timestamp="20200316 19:22:36.424" level="INFO">Clicking element 'id=org.wikipedia.alpha:id/search_container'.</msg>
<status status="PASS" starttime="20200316 19:22:36.422" endtime="20200316 19:22:37.509"></status>
</kw>
<kw name="Click Element" library="AppiumLibrary">
<doc>Click element identified by `locator`.</doc>
<arguments>
<arg>id=org.wikipedia.alpha:id/search_src_text</arg>
</arguments>
<msg timestamp="20200316 19:22:37.511" level="INFO">Clicking element 'id=org.wikipedia.alpha:id/search_src_text'.</msg>
<status status="PASS" starttime="20200316 19:22:37.510" endtime="20200316 19:22:39.720"></status>
</kw>
<kw name="Input Text" library="AppiumLibrary">
<doc>Types the given `text` into text field identified by `locator`.</doc>
<arguments>
<arg>id=org.wikipedia.alpha:id/search_src_text</arg>
<arg>BrowserStack</arg>
</arguments>
<msg timestamp="20200316 19:22:39.723" level="INFO">Typing text 'BrowserStack' into text field 'id=org.wikipedia.alpha:id/search_src_text'</msg>
<status status="PASS" starttime="20200316 19:22:39.720" endtime="20200316 19:22:41.369"></status>
</kw>
<kw name="Click Element" library="AppiumLibrary">
<doc>Click element identified by `locator`.</doc>
<arguments>
<arg>id=org.wikipedia.alpha:id/search_src_text</arg>
</arguments>
<msg timestamp="20200316 19:22:41.371" level="INFO">Clicking element 'id=org.wikipedia.alpha:id/search_src_text'.</msg>
<status status="PASS" starttime="20200316 19:22:41.370" endtime="20200316 19:22:43.794"></status>
</kw>
<kw name="Click Element" library="AppiumLibrary">
<doc>Click element identified by `locator`.</doc>
<arguments>
<arg>xpath=/hierarchy/android.widget.FrameLayout/android.widget.LinearLayout/android.widget.FrameLayout/android.widget.FrameLayout/android.widget.FrameLayout/android.widget.FrameLayout/android.widget.FrameLayout/android.widget.FrameLayout/android.widget.LinearLayout[2]/android.view.ViewGroup/android.support.v4.view.ViewPager/android.view.ViewGroup/android.widget.FrameLayout/android.support.v7.widget.RecyclerView/android.widget.FrameLayout[1]/android.widget.LinearLayout</arg>
</arguments>
<msg timestamp="20200316 19:22:43.796" level="INFO">Clicking element 'xpath=/hierarchy/android.widget.FrameLayout/android.widget.LinearLayout/android.widget.FrameLayout/android.widget.FrameLayout/android.widget.FrameLayout/android.widget.FrameLayout/android.widget.FrameLayout/android.widget.FrameLayout/android.widget.LinearLayout[2]/android.view.ViewGroup/android.support.v4.view.ViewPager/android.view.ViewGroup/android.widget.FrameLayout/android.support.v7.widget.RecyclerView/android.widget.FrameLayout[1]/android.widget.LinearLayout'.</msg>
<status status="PASS" starttime="20200316 19:22:43.795" endtime="20200316 19:22:45.474"></status>
</kw>
<kw name="Close Application" library="AppiumLibrary">
<doc>Closes the current application and also close webdriver session.</doc>
<status status="PASS" starttime="20200316 19:22:45.474" endtime="20200316 19:22:46.051"></status>
</kw>
<status status="PASS" starttime="20200316 19:21:44.598" endtime="20200316 19:22:46.051" critical="yes"></status>
</test>
<status status="PASS" starttime="20200316 19:21:44.298" endtime="20200316 19:22:46.052"></status>
</suite>
<suite id="s1-s3" name="Suite3 App" source="/Users/nithyamani/eclipse-workspace/bs-robot-framework/app/test/parallel/Suite3_App.robot">
<test id="s1-s3-t1" name="Appium Test on BrowserStack">
<kw name="Run Process" library="Process">
<doc>Runs a process and waits for it to complete.</doc>
<arguments>
<arg>curl -u "${USERNAME}:${ACCESS_KEY}" -X POST "https://api-cloud.browserstack.com/app-automate/upload" -F "file\=@${APP_PATH}"</arg>
<arg>shell=true</arg>
<arg>alias=AppUpload</arg>
</arguments>
<assign>
<var>${AppUrl}</var>
</assign>
<msg timestamp="20200316 19:21:44.598" level="INFO">Starting process:
curl -u "nithyamani3:P4JKysg5WuchQxBfKQu1" -X POST "https://api-cloud.browserstack.com/app-automate/upload" -F "file=@/Users/nithyamani/Desktop/APPS/WikipediaSample.apk"</msg>
<msg timestamp="20200316 19:21:44.603" level="INFO">Waiting for process to complete.</msg>
<msg timestamp="20200316 19:22:21.156" level="INFO">Process completed.</msg>
<msg timestamp="20200316 19:22:21.157" level="INFO">${AppUrl} = &lt;result object with rc 0&gt;</msg>
<status status="PASS" starttime="20200316 19:21:44.598" endtime="20200316 19:22:21.157"></status>
</kw>
<kw name="Evaluate" library="BuiltIn">
<doc>Evaluates the given expression in Python and returns the results.</doc>
<arguments>
<arg>json.loads("""${AppUrl.stdout}""")</arg>
<arg>json</arg>
</arguments>
<assign>
<var>${AppData}</var>
</assign>
<msg timestamp="20200316 19:22:21.159" level="INFO">${AppData} = {u'app_url': u'bs://ae210c1d04aa89db927c408f6d7da115303fba0d'}</msg>
<status status="PASS" starttime="20200316 19:22:21.158" endtime="20200316 19:22:21.159"></status>
</kw>
<kw name="Log" library="BuiltIn">
<doc>Logs the given message with the given level.</doc>
<arguments>
<arg>${AppUrl.stdout}</arg>
</arguments>
<msg timestamp="20200316 19:22:21.160" level="INFO">{"app_url":"bs://ae210c1d04aa89db927c408f6d7da115303fba0d"}</msg>
<status status="PASS" starttime="20200316 19:22:21.159" endtime="20200316 19:22:21.160"></status>
</kw>
<kw name="Set Variable" library="BuiltIn">
<doc>Returns the given values which can then be assigned to a variables.</doc>
<arguments>
<arg>${AppData['app_url']}</arg>
</arguments>
<assign>
<var>${hash_id}</var>
</assign>
<msg timestamp="20200316 19:22:21.161" level="INFO">${hash_id} = bs://ae210c1d04aa89db927c408f6d7da115303fba0d</msg>
<status status="PASS" starttime="20200316 19:22:21.160" endtime="20200316 19:22:21.161"></status>
</kw>
<kw name="Log" library="BuiltIn">
<doc>Logs the given message with the given level.</doc>
<arguments>
<arg>${hash_id}</arg>
</arguments>
<msg timestamp="20200316 19:22:21.162" level="INFO">bs://ae210c1d04aa89db927c408f6d7da115303fba0d</msg>
<status status="PASS" starttime="20200316 19:22:21.161" endtime="20200316 19:22:21.162"></status>
</kw>
<kw name="Open Application" library="AppiumLibrary">
<doc>Opens a new application to given Appium server.
Capabilities of appium server, Android and iOS,
Please check https://github.com/appium/appium/blob/master/docs/en/writing-running-appium/server-args.md
| *Option*            | *Man.* | *Description*     |
| remote_url          | Yes    | Appium server url |
| alias               | no     | alias             |</doc>
<arguments>
<arg>${REMOTE_URL}</arg>
<arg>app=${hash_id}</arg>
<arg>name=parallel_test</arg>
<arg>build=RobotFramework</arg>
<arg>platformName=Android</arg>
<arg>os_version=9.0</arg>
<arg>device=Samsung Galaxy Tab S6</arg>
</arguments>
<status status="PASS" starttime="20200316 19:22:21.162" endtime="20200316 19:22:44.040"></status>
</kw>
<kw name="Click Element" library="AppiumLibrary">
<doc>Click element identified by `locator`.</doc>
<arguments>
<arg>id=org.wikipedia.alpha:id/search_container</arg>
</arguments>
<msg timestamp="20200316 19:22:44.043" level="INFO">Clicking element 'id=org.wikipedia.alpha:id/search_container'.</msg>
<status status="PASS" starttime="20200316 19:22:44.041" endtime="20200316 19:22:45.884"></status>
</kw>
<kw name="Click Element" library="AppiumLibrary">
<doc>Click element identified by `locator`.</doc>
<arguments>
<arg>id=org.wikipedia.alpha:id/search_src_text</arg>
</arguments>
<msg timestamp="20200316 19:22:45.885" level="INFO">Clicking element 'id=org.wikipedia.alpha:id/search_src_text'.</msg>
<status status="PASS" starttime="20200316 19:22:45.884" endtime="20200316 19:22:48.058"></status>
</kw>
<kw name="Input Text" library="AppiumLibrary">
<doc>Types the given `text` into text field identified by `locator`.</doc>
<arguments>
<arg>id=org.wikipedia.alpha:id/search_src_text</arg>
<arg>BrowserStack</arg>
</arguments>
<msg timestamp="20200316 19:22:48.060" level="INFO">Typing text 'BrowserStack' into text field 'id=org.wikipedia.alpha:id/search_src_text'</msg>
<status status="PASS" starttime="20200316 19:22:48.058" endtime="20200316 19:22:49.425"></status>
</kw>
<kw name="Click Element" library="AppiumLibrary">
<doc>Click element identified by `locator`.</doc>
<arguments>
<arg>id=org.wikipedia.alpha:id/search_src_text</arg>
</arguments>
<msg timestamp="20200316 19:22:49.427" level="INFO">Clicking element 'id=org.wikipedia.alpha:id/search_src_text'.</msg>
<status status="PASS" starttime="20200316 19:22:49.426" endtime="20200316 19:22:51.679"></status>
</kw>
<kw name="Click Element" library="AppiumLibrary">
<doc>Click element identified by `locator`.</doc>
<arguments>
<arg>xpath=/hierarchy/android.widget.FrameLayout/android.widget.LinearLayout/android.widget.FrameLayout/android.widget.FrameLayout/android.widget.FrameLayout/android.widget.FrameLayout/android.widget.FrameLayout/android.widget.FrameLayout/android.widget.LinearLayout[2]/android.view.ViewGroup/android.support.v4.view.ViewPager/android.view.ViewGroup/android.widget.FrameLayout/android.support.v7.widget.RecyclerView/android.widget.FrameLayout[1]/android.widget.LinearLayout</arg>
</arguments>
<msg timestamp="20200316 19:22:51.681" level="INFO">Clicking element 'xpath=/hierarchy/android.widget.FrameLayout/android.widget.LinearLayout/android.widget.FrameLayout/android.widget.FrameLayout/android.widget.FrameLayout/android.widget.FrameLayout/android.widget.FrameLayout/android.widget.FrameLayout/android.widget.LinearLayout[2]/android.view.ViewGroup/android.support.v4.view.ViewPager/android.view.ViewGroup/android.widget.FrameLayout/android.support.v7.widget.RecyclerView/android.widget.FrameLayout[1]/android.widget.LinearLayout'.</msg>
<status status="PASS" starttime="20200316 19:22:51.679" endtime="20200316 19:22:55.075"></status>
</kw>
<kw name="Close Application" library="AppiumLibrary">
<doc>Closes the current application and also close webdriver session.</doc>
<status status="PASS" starttime="20200316 19:22:55.076" endtime="20200316 19:22:55.435"></status>
</kw>
<status status="PASS" starttime="20200316 19:21:44.597" endtime="20200316 19:22:55.435" critical="yes"></status>
</test>
<status status="PASS" starttime="20200316 19:21:44.299" endtime="20200316 19:22:55.438"></status>
</suite>
<doc>[https://pabot.org/?ref=log|Pabot] result from 3 executions.</doc>
<status status="PASS" starttime="20200316 19:21:44.273" endtime="20200316 19:22:55.439"></status>
</suite>
<statistics>
<total>
<stat pass="3" fail="0">Critical Tests</stat>
<stat pass="3" fail="0">All Tests</stat>
</total>
<tag>
</tag>
<suite>
<stat pass="3" fail="0" id="s1" name="Suites">Suites</stat>
<stat pass="1" fail="0" id="s1-s1" name="Suite1 App">Suites.Suite1 App</stat>
<stat pass="1" fail="0" id="s1-s2" name="Suite2 App">Suites.Suite2 App</stat>
<stat pass="1" fail="0" id="s1-s3" name="Suite3 App">Suites.Suite3 App</stat>
</suite>
</statistics>
<errors>
</errors>
</robot>
